<?xml version="1.0" encoding="UTF-8"?>
<!-- Generated by org.testng.reporters.JUnitReportReporter -->
<testsuite hostname="Balaji-Ramasamy" failures="0" tests="1" name="tests.OrangeHRMTest" time="15.286" errors="0" timestamp="2022-04-05T07:25:08 IST" skipped="0">
  <testcase classname="tests.OrangeHRMTest" name="titleTest" time="15.286"/>
  <system-out/>
</testsuite> <!-- tests.OrangeHRMTest -->
